<?xml version="1.0" encoding="UTF-8"?>
<coverage generated="1623529486478" clover="3.2.0">
  <project timestamp="1623529486478" name="All files">
    <metrics statements="249" coveredstatements="249" conditionals="60" coveredconditionals="60" methods="71" coveredmethods="71" elements="380" coveredelements="380" complexity="0" loc="249" ncloc="249" packages="7" files="25" classes="25"/>
    <package name="components.bmi">
      <metrics statements="29" coveredstatements="29" conditionals="12" coveredconditionals="12" methods="9" coveredmethods="9"/>
      <file name="BmiComparison.vue" path="/home/soutoigor/Documents/projects/easy-body-calc/components/bmi/BmiComparison.vue">
        <metrics statements="5" coveredstatements="5" conditionals="0" coveredconditionals="0" methods="1" coveredmethods="1"/>
        <line num="23" count="2" type="stmt"/>
        <line num="24" count="2" type="stmt"/>
        <line num="26" count="2" type="stmt"/>
        <line num="30" count="4" type="stmt"/>
        <line num="53" count="4" type="stmt"/>
      </file>
      <file name="BmiForm.vue" path="/home/soutoigor/Documents/projects/easy-body-calc/components/bmi/BmiForm.vue">
        <metrics statements="12" coveredstatements="12" conditionals="4" coveredconditionals="4" methods="4" coveredmethods="4"/>
        <line num="24" count="2" type="stmt"/>
        <line num="25" count="2" type="stmt"/>
        <line num="26" count="2" type="stmt"/>
        <line num="36" count="10" type="stmt"/>
        <line num="41" count="22" type="cond" truecount="2" falsecount="0"/>
        <line num="43" count="10" type="stmt"/>
        <line num="44" count="3" type="cond" truecount="2" falsecount="0"/>
        <line num="45" count="1" type="stmt"/>
        <line num="48" count="10" type="stmt"/>
        <line num="49" count="2" type="stmt"/>
        <line num="51" count="2" type="stmt"/>
        <line num="54" count="10" type="stmt"/>
      </file>
      <file name="BmiResult.vue" path="/home/soutoigor/Documents/projects/easy-body-calc/components/bmi/BmiResult.vue">
        <metrics statements="12" coveredstatements="12" conditionals="8" coveredconditionals="8" methods="4" coveredmethods="4"/>
        <line num="11" count="2" type="stmt"/>
        <line num="12" count="2" type="stmt"/>
        <line num="14" count="2" type="stmt"/>
        <line num="25" count="10" type="stmt"/>
        <line num="26" count="11" type="cond" truecount="2" falsecount="0"/>
        <line num="27" count="15" type="cond" truecount="2" falsecount="0"/>
        <line num="28" count="4" type="cond" truecount="2" falsecount="0"/>
        <line num="29" count="3" type="cond" truecount="2" falsecount="0"/>
        <line num="30" count="1" type="stmt"/>
        <line num="33" count="20" type="stmt"/>
        <line num="35" count="20" type="stmt"/>
        <line num="37" count="10" type="stmt"/>
      </file>
    </package>
    <package name="components.body-fat">
      <metrics statements="50" coveredstatements="50" conditionals="32" coveredconditionals="32" methods="16" coveredmethods="16"/>
      <file name="BodyFatComparison.vue" path="/home/soutoigor/Documents/projects/easy-body-calc/components/body-fat/BodyFatComparison.vue">
        <metrics statements="7" coveredstatements="7" conditionals="2" coveredconditionals="2" methods="3" coveredmethods="3"/>
        <line num="9" count="2" type="stmt"/>
        <line num="10" count="2" type="stmt"/>
        <line num="11" count="2" type="stmt"/>
        <line num="13" count="2" type="stmt"/>
        <line num="20" count="7" type="stmt"/>
        <line num="25" count="12" type="cond" truecount="2" falsecount="0"/>
        <line num="29" count="6" type="stmt"/>
      </file>
      <file name="BodyFatForm.vue" path="/home/soutoigor/Documents/projects/easy-body-calc/components/body-fat/BodyFatForm.vue">
        <metrics statements="18" coveredstatements="18" conditionals="4" coveredconditionals="4" methods="7" coveredmethods="7"/>
        <line num="32" count="2" type="stmt"/>
        <line num="33" count="2" type="stmt"/>
        <line num="34" count="2" type="stmt"/>
        <line num="35" count="2" type="stmt"/>
        <line num="37" count="2" type="stmt"/>
        <line num="39" count="2" type="stmt"/>
        <line num="49" count="10" type="stmt"/>
        <line num="57" count="23" type="stmt"/>
        <line num="59" count="54" type="cond" truecount="2" falsecount="0"/>
        <line num="65" count="11" type="stmt"/>
        <line num="68" count="11" type="stmt"/>
        <line num="73" count="10" type="stmt"/>
        <line num="74" count="3" type="cond" truecount="2" falsecount="0"/>
        <line num="75" count="1" type="stmt"/>
        <line num="78" count="10" type="stmt"/>
        <line num="79" count="2" type="stmt"/>
        <line num="81" count="2" type="stmt"/>
        <line num="84" count="10" type="stmt"/>
      </file>
      <file name="BodyFatResult.vue" path="/home/soutoigor/Documents/projects/easy-body-calc/components/body-fat/BodyFatResult.vue">
        <metrics statements="25" coveredstatements="25" conditionals="26" coveredconditionals="26" methods="6" coveredmethods="6"/>
        <line num="13" count="2" type="stmt"/>
        <line num="15" count="2" type="stmt"/>
        <line num="16" count="2" type="stmt"/>
        <line num="18" count="2" type="stmt"/>
        <line num="20" count="2" type="stmt"/>
        <line num="37" count="17" type="stmt"/>
        <line num="38" count="12" type="cond" truecount="2" falsecount="0"/>
        <line num="39" count="11" type="cond" truecount="2" falsecount="0"/>
        <line num="40" count="11" type="cond" truecount="2" falsecount="0"/>
        <line num="41" count="8" type="cond" truecount="2" falsecount="0"/>
        <line num="42" count="8" type="cond" truecount="2" falsecount="0"/>
        <line num="43" count="4" type="stmt"/>
        <line num="46" count="17" type="stmt"/>
        <line num="47" count="7" type="cond" truecount="2" falsecount="0"/>
        <line num="48" count="6" type="cond" truecount="2" falsecount="0"/>
        <line num="49" count="5" type="cond" truecount="2" falsecount="0"/>
        <line num="50" count="4" type="cond" truecount="2" falsecount="0"/>
        <line num="51" count="3" type="cond" truecount="2" falsecount="0"/>
        <line num="52" count="1" type="stmt"/>
        <line num="55" count="17" type="stmt"/>
        <line num="56" count="28" type="cond" truecount="2" falsecount="0"/>
        <line num="57" count="6" type="stmt"/>
        <line num="60" count="34" type="cond" truecount="2" falsecount="0"/>
        <line num="62" count="34" type="cond" truecount="2" falsecount="0"/>
        <line num="64" count="17" type="stmt"/>
      </file>
    </package>
    <package name="components.common">
      <metrics statements="46" coveredstatements="46" conditionals="4" coveredconditionals="4" methods="16" coveredmethods="16"/>
      <file name="AppButton.vue" path="/home/soutoigor/Documents/projects/easy-body-calc/components/common/AppButton.vue">
        <metrics statements="3" coveredstatements="3" conditionals="0" coveredconditionals="0" methods="1" coveredmethods="1"/>
        <line num="13" count="11" type="stmt"/>
        <line num="15" count="11" type="stmt"/>
        <line num="24" count="150" type="stmt"/>
      </file>
      <file name="AppCollapse.vue" path="/home/soutoigor/Documents/projects/easy-body-calc/components/common/AppCollapse.vue">
        <metrics statements="3" coveredstatements="3" conditionals="0" coveredconditionals="0" methods="1" coveredmethods="1"/>
        <line num="34" count="6" type="stmt"/>
        <line num="46" count="180" type="stmt"/>
        <line num="48" count="180" type="stmt"/>
      </file>
      <file name="AppHeader.vue" path="/home/soutoigor/Documents/projects/easy-body-calc/components/common/AppHeader.vue">
        <metrics statements="7" coveredstatements="7" conditionals="0" coveredconditionals="0" methods="2" coveredmethods="2"/>
        <line num="51" count="2" type="stmt"/>
        <line num="52" count="2" type="stmt"/>
        <line num="53" count="2" type="stmt"/>
        <line num="62" count="4" type="stmt"/>
        <line num="64" count="4" type="stmt"/>
        <line num="65" count="3" type="stmt"/>
        <line num="68" count="4" type="stmt"/>
      </file>
      <file name="AppLogo.vue" path="/home/soutoigor/Documents/projects/easy-body-calc/components/common/AppLogo.vue">
        <metrics statements="1" coveredstatements="1" conditionals="0" coveredconditionals="0" methods="0" coveredmethods="0"/>
        <line num="16" count="4" type="stmt"/>
      </file>
      <file name="AppModal.vue" path="/home/soutoigor/Documents/projects/easy-body-calc/components/common/AppModal.vue">
        <metrics statements="4" coveredstatements="4" conditionals="0" coveredconditionals="0" methods="2" coveredmethods="2"/>
        <line num="42" count="6" type="stmt"/>
        <line num="48" count="40" type="stmt"/>
        <line num="49" count="2" type="stmt"/>
        <line num="52" count="40" type="stmt"/>
      </file>
      <file name="HeaderNavigation.vue" path="/home/soutoigor/Documents/projects/easy-body-calc/components/common/HeaderNavigation.vue">
        <metrics statements="6" coveredstatements="6" conditionals="2" coveredconditionals="2" methods="2" coveredmethods="2"/>
        <line num="16" count="3" type="stmt"/>
        <line num="17" count="3" type="stmt"/>
        <line num="18" count="3" type="stmt"/>
        <line num="24" count="11" type="stmt"/>
        <line num="26" count="55" type="cond" truecount="2" falsecount="0"/>
        <line num="28" count="11" type="stmt"/>
      </file>
      <file name="InputNumber.vue" path="/home/soutoigor/Documents/projects/easy-body-calc/components/common/InputNumber.vue">
        <metrics statements="9" coveredstatements="9" conditionals="2" coveredconditionals="2" methods="4" coveredmethods="4"/>
        <line num="20" count="9" type="stmt"/>
        <line num="38" count="140" type="stmt"/>
        <line num="41" count="138" type="stmt"/>
        <line num="42" count="3" type="cond" truecount="2" falsecount="0"/>
        <line num="43" count="1" type="stmt"/>
        <line num="46" count="138" type="stmt"/>
        <line num="47" count="2" type="stmt"/>
        <line num="51" count="2" type="stmt"/>
        <line num="54" count="138" type="stmt"/>
      </file>
      <file name="InputSelect.vue" path="/home/soutoigor/Documents/projects/easy-body-calc/components/common/InputSelect.vue">
        <metrics statements="4" coveredstatements="4" conditionals="0" coveredconditionals="0" methods="2" coveredmethods="2"/>
        <line num="21" count="7" type="stmt"/>
        <line num="43" count="58" type="stmt"/>
        <line num="44" count="1" type="stmt"/>
        <line num="47" count="58" type="stmt"/>
      </file>
      <file name="MeasureTips.vue" path="/home/soutoigor/Documents/projects/easy-body-calc/components/common/MeasureTips.vue">
        <metrics statements="9" coveredstatements="9" conditionals="0" coveredconditionals="0" methods="2" coveredmethods="2"/>
        <line num="31" count="5" type="stmt"/>
        <line num="32" count="5" type="stmt"/>
        <line num="33" count="5" type="stmt"/>
        <line num="34" count="5" type="stmt"/>
        <line num="35" count="5" type="stmt"/>
        <line num="45" count="30" type="stmt"/>
        <line num="47" count="30" type="stmt"/>
        <line num="48" count="4" type="stmt"/>
        <line num="51" count="30" type="stmt"/>
      </file>
    </package>
    <package name="components.daily-calories">
      <metrics statements="23" coveredstatements="23" conditionals="2" coveredconditionals="2" methods="7" coveredmethods="7"/>
      <file name="DailyCaloriesForm.vue" path="/home/soutoigor/Documents/projects/easy-body-calc/components/daily-calories/DailyCaloriesForm.vue">
        <metrics statements="22" coveredstatements="22" conditionals="2" coveredconditionals="2" methods="7" coveredmethods="7"/>
        <line num="31" count="2" type="stmt"/>
        <line num="32" count="2" type="stmt"/>
        <line num="33" count="2" type="stmt"/>
        <line num="34" count="2" type="stmt"/>
        <line num="40" count="2" type="stmt"/>
        <line num="42" count="2" type="stmt"/>
        <line num="44" count="2" type="stmt"/>
        <line num="46" count="2" type="stmt"/>
        <line num="48" count="2" type="stmt"/>
        <line num="79" count="15" type="stmt"/>
        <line num="87" count="87" type="stmt"/>
        <line num="91" count="21" type="stmt"/>
        <line num="93" count="16" type="stmt"/>
        <line num="96" count="20" type="stmt"/>
        <line num="99" count="15" type="stmt"/>
        <line num="102" count="6" type="cond" truecount="2" falsecount="0"/>
        <line num="103" count="6" type="stmt"/>
        <line num="105" count="6" type="stmt"/>
        <line num="108" count="15" type="stmt"/>
        <line num="109" count="6" type="stmt"/>
        <line num="111" count="6" type="stmt"/>
        <line num="114" count="15" type="stmt"/>
      </file>
      <file name="DailyCaloriesResult.vue" path="/home/soutoigor/Documents/projects/easy-body-calc/components/daily-calories/DailyCaloriesResult.vue">
        <metrics statements="1" coveredstatements="1" conditionals="0" coveredconditionals="0" methods="0" coveredmethods="0"/>
        <line num="16" count="2" type="stmt"/>
      </file>
    </package>
    <package name="components.daily-macros">
      <metrics statements="36" coveredstatements="36" conditionals="2" coveredconditionals="2" methods="8" coveredmethods="8"/>
      <file name="DailyMacrosForm.vue" path="/home/soutoigor/Documents/projects/easy-body-calc/components/daily-macros/DailyMacrosForm.vue">
        <metrics statements="30" coveredstatements="30" conditionals="2" coveredconditionals="2" methods="6" coveredmethods="6"/>
        <line num="23" count="2" type="stmt"/>
        <line num="24" count="2" type="stmt"/>
        <line num="25" count="2" type="stmt"/>
        <line num="26" count="2" type="stmt"/>
        <line num="27" count="2" type="stmt"/>
        <line num="35" count="2" type="stmt"/>
        <line num="36" count="2" type="stmt"/>
        <line num="38" count="2" type="stmt"/>
        <line num="49" count="14" type="stmt"/>
        <line num="51" count="14" type="stmt"/>
        <line num="66" count="14" type="stmt"/>
        <line num="72" count="73" type="stmt"/>
        <line num="76" count="14" type="stmt"/>
        <line num="77" count="14" type="stmt"/>
        <line num="78" count="14" type="cond" truecount="2" falsecount="0"/>
        <line num="79" count="8" type="stmt"/>
        <line num="83" count="14" type="stmt"/>
        <line num="84" count="3" type="stmt"/>
        <line num="90" count="3" type="stmt"/>
        <line num="93" count="14" type="stmt"/>
        <line num="94" count="3" type="stmt"/>
        <line num="96" count="3" type="stmt"/>
        <line num="97" count="3" type="stmt"/>
        <line num="98" count="3" type="stmt"/>
        <line num="99" count="3" type="stmt"/>
        <line num="101" count="3" type="stmt"/>
        <line num="110" count="14" type="stmt"/>
        <line num="111" count="3" type="stmt"/>
        <line num="113" count="3" type="stmt"/>
        <line num="116" count="14" type="stmt"/>
      </file>
      <file name="DailyMacrosResult.vue" path="/home/soutoigor/Documents/projects/easy-body-calc/components/daily-macros/DailyMacrosResult.vue">
        <metrics statements="6" coveredstatements="6" conditionals="0" coveredconditionals="0" methods="2" coveredmethods="2"/>
        <line num="26" count="2" type="stmt"/>
        <line num="28" count="2" type="stmt"/>
        <line num="30" count="2" type="stmt"/>
        <line num="40" count="8" type="stmt"/>
        <line num="48" count="16" type="stmt"/>
        <line num="52" count="8" type="stmt"/>
      </file>
    </package>
    <package name="layouts">
      <metrics statements="2" coveredstatements="2" conditionals="0" coveredconditionals="0" methods="0" coveredmethods="0"/>
      <file name="default.vue" path="/home/soutoigor/Documents/projects/easy-body-calc/layouts/default.vue">
        <metrics statements="2" coveredstatements="2" conditionals="0" coveredconditionals="0" methods="0" coveredmethods="0"/>
        <line num="13" count="1" type="stmt"/>
        <line num="14" count="1" type="stmt"/>
      </file>
    </package>
    <package name="pages">
      <metrics statements="63" coveredstatements="63" conditionals="8" coveredconditionals="8" methods="15" coveredmethods="15"/>
      <file name="bmi.vue" path="/home/soutoigor/Documents/projects/easy-body-calc/pages/bmi.vue">
        <metrics statements="13" coveredstatements="13" conditionals="2" coveredconditionals="2" methods="3" coveredmethods="3"/>
        <line num="50" count="1" type="stmt"/>
        <line num="51" count="1" type="stmt"/>
        <line num="52" count="1" type="stmt"/>
        <line num="53" count="1" type="stmt"/>
        <line num="54" count="1" type="stmt"/>
        <line num="55" count="1" type="stmt"/>
        <line num="56" count="1" type="stmt"/>
        <line num="57" count="1" type="stmt"/>
        <line num="71" count="5" type="stmt"/>
        <line num="73" count="5" type="stmt"/>
        <line num="74" count="4" type="stmt"/>
        <line num="77" count="14" type="cond" truecount="2" falsecount="0"/>
        <line num="81" count="5" type="stmt"/>
      </file>
      <file name="bmr-daily-calories.vue" path="/home/soutoigor/Documents/projects/easy-body-calc/pages/bmr-daily-calories.vue">
        <metrics statements="15" coveredstatements="15" conditionals="2" coveredconditionals="2" methods="4" coveredmethods="4"/>
        <line num="53" count="1" type="stmt"/>
        <line num="54" count="1" type="stmt"/>
        <line num="55" count="1" type="stmt"/>
        <line num="56" count="1" type="stmt"/>
        <line num="57" count="1" type="stmt"/>
        <line num="58" count="1" type="stmt"/>
        <line num="59" count="1" type="stmt"/>
        <line num="60" count="1" type="stmt"/>
        <line num="74" count="6" type="stmt"/>
        <line num="79" count="17" type="cond" truecount="2" falsecount="0"/>
        <line num="85" count="6" type="stmt"/>
        <line num="86" count="5" type="stmt"/>
        <line num="87" count="5" type="stmt"/>
        <line num="90" count="10" type="stmt"/>
        <line num="95" count="6" type="stmt"/>
      </file>
      <file name="body-fat.vue" path="/home/soutoigor/Documents/projects/easy-body-calc/pages/body-fat.vue">
        <metrics statements="14" coveredstatements="14" conditionals="2" coveredconditionals="2" methods="3" coveredmethods="3"/>
        <line num="60" count="1" type="stmt"/>
        <line num="61" count="1" type="stmt"/>
        <line num="62" count="1" type="stmt"/>
        <line num="63" count="1" type="stmt"/>
        <line num="64" count="1" type="stmt"/>
        <line num="65" count="1" type="stmt"/>
        <line num="66" count="1" type="stmt"/>
        <line num="67" count="1" type="stmt"/>
        <line num="82" count="5" type="stmt"/>
        <line num="87" count="5" type="stmt"/>
        <line num="88" count="4" type="stmt"/>
        <line num="89" count="4" type="stmt"/>
        <line num="92" count="14" type="cond" truecount="2" falsecount="0"/>
        <line num="96" count="5" type="stmt"/>
      </file>
      <file name="daily-macros.vue" path="/home/soutoigor/Documents/projects/easy-body-calc/pages/daily-macros.vue">
        <metrics statements="16" coveredstatements="16" conditionals="2" coveredconditionals="2" methods="4" coveredmethods="4"/>
        <line num="105" count="1" type="stmt"/>
        <line num="106" count="1" type="stmt"/>
        <line num="107" count="1" type="stmt"/>
        <line num="108" count="1" type="stmt"/>
        <line num="109" count="1" type="stmt"/>
        <line num="110" count="1" type="stmt"/>
        <line num="111" count="1" type="stmt"/>
        <line num="112" count="1" type="stmt"/>
        <line num="127" count="6" type="stmt"/>
        <line num="128" count="6" type="stmt"/>
        <line num="130" count="6" type="stmt"/>
        <line num="131" count="4" type="stmt"/>
        <line num="134" count="6" type="stmt"/>
        <line num="135" count="1" type="stmt"/>
        <line num="138" count="16" type="cond" truecount="2" falsecount="0"/>
        <line num="142" count="6" type="stmt"/>
      </file>
      <file name="index.vue" path="/home/soutoigor/Documents/projects/easy-body-calc/pages/index.vue">
        <metrics statements="5" coveredstatements="5" conditionals="0" coveredconditionals="0" methods="1" coveredmethods="1"/>
        <line num="31" count="1" type="stmt"/>
        <line num="32" count="1" type="stmt"/>
        <line num="33" count="1" type="stmt"/>
        <line num="34" count="1" type="stmt"/>
        <line num="43" count="3" type="stmt"/>
      </file>
    </package>
  </project>
</coverage>
