{"/home/soutoigor/Documents/projects/easy-body-calc/components/bmi/BmiComparison.vue": {"path":"/home/soutoigor/Documents/projects/easy-body-calc/components/bmi/BmiComparison.vue","statementMap":{"0":{"start":{"line":23,"column":0},"end":{"line":23,"column":null}},"1":{"start":{"line":24,"column":0},"end":{"line":24,"column":null}},"2":{"start":{"line":26,"column":0},"end":{"line":26,"column":null}},"3":{"start":{"line":30,"column":0},"end":{"line":47,"column":null}},"4":{"start":{"line":53,"column":0},"end":{"line":53,"column":null}}},"fnMap":{"0":{"name":"(anonymous_1)","decl":{"start":{"line":29,"column":0},"end":{"line":29,"column":null}},"loc":{"start":{"line":29,"column":0},"end":{"line":56,"column":null}}}},"branchMap":{},"s":{"0":2,"1":2,"2":2,"3":4,"4":4},"f":{"0":4},"b":{}}
,"/home/soutoigor/Documents/projects/easy-body-calc/components/bmi/BmiForm.vue": {"path":"/home/soutoigor/Documents/projects/easy-body-calc/components/bmi/BmiForm.vue","statementMap":{"0":{"start":{"line":24,"column":0},"end":{"line":24,"column":null}},"1":{"start":{"line":25,"column":0},"end":{"line":25,"column":null}},"2":{"start":{"line":26,"column":0},"end":{"line":26,"column":null}},"3":{"start":{"line":36,"column":0},"end":{"line":36,"column":null}},"4":{"start":{"line":41,"column":0},"end":{"line":41,"column":null}},"5":{"start":{"line":43,"column":0},"end":{"line":46,"column":null}},"6":{"start":{"line":44,"column":0},"end":{"line":44,"column":null}},"7":{"start":{"line":45,"column":0},"end":{"line":45,"column":null}},"8":{"start":{"line":48,"column":0},"end":{"line":52,"column":null}},"9":{"start":{"line":49,"column":0},"end":{"line":49,"column":null}},"10":{"start":{"line":51,"column":0},"end":{"line":51,"column":null}},"11":{"start":{"line":54,"column":0},"end":{"line":54,"column":null}}},"fnMap":{"0":{"name":"(anonymous_2)","decl":{"start":{"line":35,"column":0},"end":{"line":35,"column":null}},"loc":{"start":{"line":35,"column":0},"end":{"line":59,"column":null}}},"1":{"name":"(anonymous_3)","decl":{"start":{"line":41,"column":0},"end":{"line":41,"column":null}},"loc":{"start":{"line":41,"column":0},"end":{"line":41,"column":null}}},"2":{"name":"(anonymous_4)","decl":{"start":{"line":43,"column":0},"end":{"line":43,"column":null}},"loc":{"start":{"line":43,"column":0},"end":{"line":46,"column":null}}},"3":{"name":"(anonymous_5)","decl":{"start":{"line":48,"column":0},"end":{"line":48,"column":null}},"loc":{"start":{"line":48,"column":0},"end":{"line":52,"column":null}}}},"branchMap":{"0":{"loc":{"start":{"line":41,"column":0},"end":{"line":41,"column":null}},"type":"binary-expr","locations":[{"start":{"line":41,"column":0},"end":{"line":41,"column":null}},{"start":{"line":41,"column":0},"end":{"line":41,"column":null}}]},"1":{"loc":{"start":{"line":44,"column":0},"end":{"line":44,"column":null}},"type":"if","locations":[{"start":{"line":44,"column":0},"end":{"line":44,"column":null}},{"start":{"line":44,"column":0},"end":{"line":44,"column":null}}]}},"s":{"0":2,"1":2,"2":2,"3":10,"4":22,"5":10,"6":3,"7":1,"8":10,"9":2,"10":2,"11":10},"f":{"0":10,"1":12,"2":2,"3":2},"b":{"0":[12,2],"1":[3,2]}}
,"/home/soutoigor/Documents/projects/easy-body-calc/components/bmi/BmiResult.vue": {"path":"/home/soutoigor/Documents/projects/easy-body-calc/components/bmi/BmiResult.vue","statementMap":{"0":{"start":{"line":11,"column":0},"end":{"line":11,"column":null}},"1":{"start":{"line":12,"column":0},"end":{"line":12,"column":null}},"2":{"start":{"line":14,"column":0},"end":{"line":14,"column":null}},"3":{"start":{"line":25,"column":0},"end":{"line":31,"column":null}},"4":{"start":{"line":26,"column":0},"end":{"line":26,"column":null}},"5":{"start":{"line":27,"column":0},"end":{"line":27,"column":null}},"6":{"start":{"line":28,"column":0},"end":{"line":28,"column":null}},"7":{"start":{"line":29,"column":0},"end":{"line":29,"column":null}},"8":{"start":{"line":30,"column":0},"end":{"line":30,"column":null}},"9":{"start":{"line":33,"column":0},"end":{"line":33,"column":null}},"10":{"start":{"line":35,"column":0},"end":{"line":35,"column":null}},"11":{"start":{"line":37,"column":0},"end":{"line":37,"column":null}}},"fnMap":{"0":{"name":"(anonymous_1)","decl":{"start":{"line":24,"column":0},"end":{"line":24,"column":null}},"loc":{"start":{"line":24,"column":0},"end":{"line":41,"column":null}}},"1":{"name":"(anonymous_2)","decl":{"start":{"line":25,"column":0},"end":{"line":25,"column":null}},"loc":{"start":{"line":25,"column":0},"end":{"line":31,"column":null}}},"2":{"name":"(anonymous_3)","decl":{"start":{"line":33,"column":0},"end":{"line":33,"column":null}},"loc":{"start":{"line":33,"column":0},"end":{"line":33,"column":null}}},"3":{"name":"(anonymous_4)","decl":{"start":{"line":35,"column":0},"end":{"line":35,"column":null}},"loc":{"start":{"line":35,"column":0},"end":{"line":35,"column":null}}}},"branchMap":{"0":{"loc":{"start":{"line":26,"column":0},"end":{"line":26,"column":null}},"type":"if","locations":[{"start":{"line":26,"column":0},"end":{"line":26,"column":null}},{"start":{"line":26,"column":0},"end":{"line":26,"column":null}}]},"1":{"loc":{"start":{"line":27,"column":0},"end":{"line":27,"column":null}},"type":"if","locations":[{"start":{"line":27,"column":0},"end":{"line":27,"column":null}},{"start":{"line":27,"column":0},"end":{"line":27,"column":null}}]},"2":{"loc":{"start":{"line":28,"column":0},"end":{"line":28,"column":null}},"type":"if","locations":[{"start":{"line":28,"column":0},"end":{"line":28,"column":null}},{"start":{"line":28,"column":0},"end":{"line":28,"column":null}}]},"3":{"loc":{"start":{"line":29,"column":0},"end":{"line":29,"column":null}},"type":"if","locations":[{"start":{"line":29,"column":0},"end":{"line":29,"column":null}},{"start":{"line":29,"column":0},"end":{"line":29,"column":null}}]}},"s":{"0":2,"1":2,"2":2,"3":10,"4":11,"5":15,"6":4,"7":3,"8":1,"9":20,"10":20,"11":10},"f":{"0":10,"1":10,"2":10,"3":10},"b":{"0":[1,9],"1":[15,12],"2":[4,5],"3":[3,3]}}
,"/home/soutoigor/Documents/projects/easy-body-calc/components/body-fat/BodyFatComparison.vue": {"path":"/home/soutoigor/Documents/projects/easy-body-calc/components/body-fat/BodyFatComparison.vue","statementMap":{"0":{"start":{"line":9,"column":0},"end":{"line":9,"column":null}},"1":{"start":{"line":10,"column":0},"end":{"line":10,"column":null}},"2":{"start":{"line":11,"column":0},"end":{"line":11,"column":null}},"3":{"start":{"line":13,"column":0},"end":{"line":13,"column":null}},"4":{"start":{"line":20,"column":0},"end":{"line":20,"column":null}},"5":{"start":{"line":25,"column":0},"end":{"line":25,"column":null}},"6":{"start":{"line":29,"column":0},"end":{"line":29,"column":null}}},"fnMap":{"0":{"name":"(anonymous_2)","decl":{"start":{"line":20,"column":0},"end":{"line":20,"column":null}},"loc":{"start":{"line":20,"column":0},"end":{"line":20,"column":null}}},"1":{"name":"(anonymous_3)","decl":{"start":{"line":24,"column":0},"end":{"line":24,"column":null}},"loc":{"start":{"line":24,"column":0},"end":{"line":32,"column":null}}},"2":{"name":"(anonymous_4)","decl":{"start":{"line":25,"column":0},"end":{"line":25,"column":null}},"loc":{"start":{"line":25,"column":0},"end":{"line":25,"column":null}}}},"branchMap":{"0":{"loc":{"start":{"line":25,"column":0},"end":{"line":25,"column":null}},"type":"cond-expr","locations":[{"start":{"line":25,"column":0},"end":{"line":25,"column":null}},{"start":{"line":25,"column":0},"end":{"line":25,"column":null}}]}},"s":{"0":2,"1":2,"2":2,"3":2,"4":7,"5":12,"6":6},"f":{"0":7,"1":6,"2":6},"b":{"0":[5,1]}}
,"/home/soutoigor/Documents/projects/easy-body-calc/components/body-fat/BodyFatForm.vue": {"path":"/home/soutoigor/Documents/projects/easy-body-calc/components/body-fat/BodyFatForm.vue","statementMap":{"0":{"start":{"line":32,"column":0},"end":{"line":32,"column":null}},"1":{"start":{"line":33,"column":0},"end":{"line":33,"column":null}},"2":{"start":{"line":34,"column":0},"end":{"line":34,"column":null}},"3":{"start":{"line":35,"column":0},"end":{"line":35,"column":null}},"4":{"start":{"line":37,"column":0},"end":{"line":37,"column":null}},"5":{"start":{"line":39,"column":0},"end":{"line":39,"column":null}},"6":{"start":{"line":49,"column":0},"end":{"line":49,"column":null}},"7":{"start":{"line":57,"column":0},"end":{"line":57,"column":null}},"8":{"start":{"line":59,"column":0},"end":{"line":59,"column":null}},"9":{"start":{"line":65,"column":0},"end":{"line":65,"column":null}},"10":{"start":{"line":68,"column":0},"end":{"line":68,"column":null}},"11":{"start":{"line":73,"column":0},"end":{"line":76,"column":null}},"12":{"start":{"line":74,"column":0},"end":{"line":74,"column":null}},"13":{"start":{"line":75,"column":0},"end":{"line":75,"column":null}},"14":{"start":{"line":78,"column":0},"end":{"line":82,"column":null}},"15":{"start":{"line":79,"column":0},"end":{"line":79,"column":null}},"16":{"start":{"line":81,"column":0},"end":{"line":81,"column":null}},"17":{"start":{"line":84,"column":0},"end":{"line":84,"column":null}}},"fnMap":{"0":{"name":"(anonymous_2)","decl":{"start":{"line":48,"column":0},"end":{"line":48,"column":null}},"loc":{"start":{"line":48,"column":0},"end":{"line":91,"column":null}}},"1":{"name":"(anonymous_3)","decl":{"start":{"line":57,"column":0},"end":{"line":57,"column":null}},"loc":{"start":{"line":57,"column":0},"end":{"line":57,"column":null}}},"2":{"name":"(anonymous_4)","decl":{"start":{"line":59,"column":0},"end":{"line":59,"column":null}},"loc":{"start":{"line":59,"column":0},"end":{"line":59,"column":null}}},"3":{"name":"(anonymous_6)","decl":{"start":{"line":65,"column":0},"end":{"line":65,"column":null}},"loc":{"start":{"line":65,"column":0},"end":{"line":65,"column":null}}},"4":{"name":"(anonymous_7)","decl":{"start":{"line":68,"column":0},"end":{"line":68,"column":null}},"loc":{"start":{"line":68,"column":0},"end":{"line":68,"column":null}}},"5":{"name":"(anonymous_8)","decl":{"start":{"line":73,"column":0},"end":{"line":73,"column":null}},"loc":{"start":{"line":73,"column":0},"end":{"line":76,"column":null}}},"6":{"name":"(anonymous_9)","decl":{"start":{"line":78,"column":0},"end":{"line":78,"column":null}},"loc":{"start":{"line":78,"column":0},"end":{"line":82,"column":null}}}},"branchMap":{"0":{"loc":{"start":{"line":59,"column":0},"end":{"line":59,"column":null}},"type":"cond-expr","locations":[{"start":{"line":59,"column":0},"end":{"line":59,"column":null}},{"start":{"line":59,"column":0},"end":{"line":59,"column":null}}]},"1":{"loc":{"start":{"line":74,"column":0},"end":{"line":74,"column":null}},"type":"if","locations":[{"start":{"line":74,"column":0},"end":{"line":74,"column":null}},{"start":{"line":74,"column":0},"end":{"line":74,"column":null}}]}},"s":{"0":2,"1":2,"2":2,"3":2,"4":2,"5":2,"6":10,"7":23,"8":54,"9":11,"10":11,"11":10,"12":3,"13":1,"14":10,"15":2,"16":2,"17":10},"f":{"0":10,"1":13,"2":44,"3":1,"4":1,"5":2,"6":2},"b":{"0":[32,32],"1":[1,1]}}
,"/home/soutoigor/Documents/projects/easy-body-calc/components/body-fat/BodyFatResult.vue": {"path":"/home/soutoigor/Documents/projects/easy-body-calc/components/body-fat/BodyFatResult.vue","statementMap":{"0":{"start":{"line":13,"column":0},"end":{"line":13,"column":null}},"1":{"start":{"line":15,"column":0},"end":{"line":15,"column":null}},"2":{"start":{"line":16,"column":0},"end":{"line":16,"column":null}},"3":{"start":{"line":18,"column":0},"end":{"line":18,"column":null}},"4":{"start":{"line":20,"column":0},"end":{"line":20,"column":null}},"5":{"start":{"line":37,"column":0},"end":{"line":44,"column":null}},"6":{"start":{"line":38,"column":0},"end":{"line":38,"column":null}},"7":{"start":{"line":39,"column":0},"end":{"line":39,"column":null}},"8":{"start":{"line":40,"column":0},"end":{"line":40,"column":null}},"9":{"start":{"line":41,"column":0},"end":{"line":41,"column":null}},"10":{"start":{"line":42,"column":0},"end":{"line":42,"column":null}},"11":{"start":{"line":43,"column":0},"end":{"line":43,"column":null}},"12":{"start":{"line":46,"column":0},"end":{"line":53,"column":null}},"13":{"start":{"line":47,"column":0},"end":{"line":47,"column":null}},"14":{"start":{"line":48,"column":0},"end":{"line":48,"column":null}},"15":{"start":{"line":49,"column":0},"end":{"line":49,"column":null}},"16":{"start":{"line":50,"column":0},"end":{"line":50,"column":null}},"17":{"start":{"line":51,"column":0},"end":{"line":51,"column":null}},"18":{"start":{"line":52,"column":0},"end":{"line":52,"column":null}},"19":{"start":{"line":55,"column":0},"end":{"line":58,"column":null}},"20":{"start":{"line":56,"column":0},"end":{"line":56,"column":null}},"21":{"start":{"line":57,"column":0},"end":{"line":57,"column":null}},"22":{"start":{"line":60,"column":0},"end":{"line":60,"column":null}},"23":{"start":{"line":62,"column":0},"end":{"line":62,"column":null}},"24":{"start":{"line":64,"column":0},"end":{"line":64,"column":null}}},"fnMap":{"0":{"name":"(anonymous_1)","decl":{"start":{"line":36,"column":0},"end":{"line":36,"column":null}},"loc":{"start":{"line":36,"column":0},"end":{"line":68,"column":null}}},"1":{"name":"(anonymous_2)","decl":{"start":{"line":37,"column":0},"end":{"line":37,"column":null}},"loc":{"start":{"line":37,"column":0},"end":{"line":44,"column":null}}},"2":{"name":"(anonymous_3)","decl":{"start":{"line":46,"column":0},"end":{"line":46,"column":null}},"loc":{"start":{"line":46,"column":0},"end":{"line":53,"column":null}}},"3":{"name":"(anonymous_4)","decl":{"start":{"line":55,"column":0},"end":{"line":55,"column":null}},"loc":{"start":{"line":55,"column":0},"end":{"line":58,"column":null}}},"4":{"name":"(anonymous_5)","decl":{"start":{"line":60,"column":0},"end":{"line":60,"column":null}},"loc":{"start":{"line":60,"column":0},"end":{"line":60,"column":null}}},"5":{"name":"(anonymous_6)","decl":{"start":{"line":62,"column":0},"end":{"line":62,"column":null}},"loc":{"start":{"line":62,"column":0},"end":{"line":62,"column":null}}}},"branchMap":{"0":{"loc":{"start":{"line":38,"column":0},"end":{"line":38,"column":null}},"type":"if","locations":[{"start":{"line":38,"column":0},"end":{"line":38,"column":null}},{"start":{"line":38,"column":0},"end":{"line":38,"column":null}}]},"1":{"loc":{"start":{"line":39,"column":0},"end":{"line":39,"column":null}},"type":"if","locations":[{"start":{"line":39,"column":0},"end":{"line":39,"column":null}},{"start":{"line":39,"column":0},"end":{"line":39,"column":null}}]},"2":{"loc":{"start":{"line":40,"column":0},"end":{"line":40,"column":null}},"type":"if","locations":[{"start":{"line":40,"column":0},"end":{"line":40,"column":null}},{"start":{"line":40,"column":0},"end":{"line":40,"column":null}}]},"3":{"loc":{"start":{"line":41,"column":0},"end":{"line":41,"column":null}},"type":"if","locations":[{"start":{"line":41,"column":0},"end":{"line":41,"column":null}},{"start":{"line":41,"column":0},"end":{"line":41,"column":null}}]},"4":{"loc":{"start":{"line":42,"column":0},"end":{"line":42,"column":null}},"type":"if","locations":[{"start":{"line":42,"column":0},"end":{"line":42,"column":null}},{"start":{"line":42,"column":0},"end":{"line":42,"column":null}}]},"5":{"loc":{"start":{"line":47,"column":0},"end":{"line":47,"column":null}},"type":"if","locations":[{"start":{"line":47,"column":0},"end":{"line":47,"column":null}},{"start":{"line":47,"column":0},"end":{"line":47,"column":null}}]},"6":{"loc":{"start":{"line":48,"column":0},"end":{"line":48,"column":null}},"type":"if","locations":[{"start":{"line":48,"column":0},"end":{"line":48,"column":null}},{"start":{"line":48,"column":0},"end":{"line":48,"column":null}}]},"7":{"loc":{"start":{"line":49,"column":0},"end":{"line":49,"column":null}},"type":"if","locations":[{"start":{"line":49,"column":0},"end":{"line":49,"column":null}},{"start":{"line":49,"column":0},"end":{"line":49,"column":null}}]},"8":{"loc":{"start":{"line":50,"column":0},"end":{"line":50,"column":null}},"type":"if","locations":[{"start":{"line":50,"column":0},"end":{"line":50,"column":null}},{"start":{"line":50,"column":0},"end":{"line":50,"column":null}}]},"9":{"loc":{"start":{"line":51,"column":0},"end":{"line":51,"column":null}},"type":"if","locations":[{"start":{"line":51,"column":0},"end":{"line":51,"column":null}},{"start":{"line":51,"column":0},"end":{"line":51,"column":null}}]},"10":{"loc":{"start":{"line":56,"column":0},"end":{"line":56,"column":null}},"type":"if","locations":[{"start":{"line":56,"column":0},"end":{"line":56,"column":null}},{"start":{"line":56,"column":0},"end":{"line":56,"column":null}}]},"11":{"loc":{"start":{"line":60,"column":0},"end":{"line":60,"column":null}},"type":"binary-expr","locations":[{"start":{"line":60,"column":0},"end":{"line":60,"column":null}},{"start":{"line":60,"column":0},"end":{"line":60,"column":null}}]},"12":{"loc":{"start":{"line":62,"column":0},"end":{"line":62,"column":null}},"type":"binary-expr","locations":[{"start":{"line":62,"column":0},"end":{"line":62,"column":null}},{"start":{"line":62,"column":0},"end":{"line":62,"column":null}}]}},"s":{"0":2,"1":2,"2":2,"3":2,"4":2,"5":17,"6":12,"7":11,"8":11,"9":8,"10":8,"11":4,"12":17,"13":7,"14":6,"15":5,"16":4,"17":3,"18":1,"19":17,"20":28,"21":6,"22":34,"23":34,"24":17},"f":{"0":17,"1":11,"2":6,"3":17,"4":17,"5":17},"b":{"0":[1,10],"1":[11,19],"2":[11,16],"3":[8,13],"4":[8,10],"5":[1,5],"6":[6,9],"7":[5,7],"8":[4,5],"9":[3,3],"10":[11,6],"11":[17,17],"12":[17,17]}}
,"/home/soutoigor/Documents/projects/easy-body-calc/components/common/AppButton.vue": {"path":"/home/soutoigor/Documents/projects/easy-body-calc/components/common/AppButton.vue","statementMap":{"0":{"start":{"line":13,"column":0},"end":{"line":13,"column":null}},"1":{"start":{"line":15,"column":0},"end":{"line":15,"column":null}},"2":{"start":{"line":24,"column":0},"end":{"line":24,"column":null}}},"fnMap":{"0":{"name":"(anonymous_1)","decl":{"start":{"line":24,"column":0},"end":{"line":24,"column":null}},"loc":{"start":{"line":24,"column":0},"end":{"line":24,"column":null}}}},"branchMap":{},"s":{"0":11,"1":11,"2":150},"f":{"0":150},"b":{}}
,"/home/soutoigor/Documents/projects/easy-body-calc/components/common/AppCollapse.vue": {"path":"/home/soutoigor/Documents/projects/easy-body-calc/components/common/AppCollapse.vue","statementMap":{"0":{"start":{"line":34,"column":0},"end":{"line":34,"column":null}},"1":{"start":{"line":46,"column":0},"end":{"line":46,"column":null}},"2":{"start":{"line":48,"column":0},"end":{"line":48,"column":null}}},"fnMap":{"0":{"name":"(anonymous_1)","decl":{"start":{"line":45,"column":0},"end":{"line":45,"column":null}},"loc":{"start":{"line":45,"column":0},"end":{"line":51,"column":null}}}},"branchMap":{},"s":{"0":6,"1":180,"2":180},"f":{"0":180},"b":{}}
,"/home/soutoigor/Documents/projects/easy-body-calc/components/common/AppHeader.vue": {"path":"/home/soutoigor/Documents/projects/easy-body-calc/components/common/AppHeader.vue","statementMap":{"0":{"start":{"line":51,"column":0},"end":{"line":51,"column":null}},"1":{"start":{"line":52,"column":0},"end":{"line":52,"column":null}},"2":{"start":{"line":53,"column":0},"end":{"line":53,"column":null}},"3":{"start":{"line":62,"column":0},"end":{"line":62,"column":null}},"4":{"start":{"line":64,"column":0},"end":{"line":66,"column":null}},"5":{"start":{"line":65,"column":0},"end":{"line":65,"column":null}},"6":{"start":{"line":68,"column":0},"end":{"line":68,"column":null}}},"fnMap":{"0":{"name":"(anonymous_2)","decl":{"start":{"line":61,"column":0},"end":{"line":61,"column":null}},"loc":{"start":{"line":61,"column":0},"end":{"line":72,"column":null}}},"1":{"name":"(anonymous_3)","decl":{"start":{"line":64,"column":0},"end":{"line":64,"column":null}},"loc":{"start":{"line":64,"column":0},"end":{"line":66,"column":null}}}},"branchMap":{},"s":{"0":2,"1":2,"2":2,"3":4,"4":4,"5":3,"6":4},"f":{"0":4,"1":3},"b":{}}
,"/home/soutoigor/Documents/projects/easy-body-calc/components/common/AppLogo.vue": {"path":"/home/soutoigor/Documents/projects/easy-body-calc/components/common/AppLogo.vue","statementMap":{"0":{"start":{"line":16,"column":0},"end":{"line":16,"column":null}}},"fnMap":{},"branchMap":{},"s":{"0":4},"f":{},"b":{}}
,"/home/soutoigor/Documents/projects/easy-body-calc/components/common/AppModal.vue": {"path":"/home/soutoigor/Documents/projects/easy-body-calc/components/common/AppModal.vue","statementMap":{"0":{"start":{"line":42,"column":0},"end":{"line":42,"column":null}},"1":{"start":{"line":48,"column":0},"end":{"line":50,"column":null}},"2":{"start":{"line":49,"column":0},"end":{"line":49,"column":null}},"3":{"start":{"line":52,"column":0},"end":{"line":52,"column":null}}},"fnMap":{"0":{"name":"(anonymous_1)","decl":{"start":{"line":47,"column":0},"end":{"line":47,"column":null}},"loc":{"start":{"line":47,"column":0},"end":{"line":55,"column":null}}},"1":{"name":"(anonymous_2)","decl":{"start":{"line":48,"column":0},"end":{"line":48,"column":null}},"loc":{"start":{"line":48,"column":0},"end":{"line":50,"column":null}}}},"branchMap":{},"s":{"0":6,"1":40,"2":2,"3":40},"f":{"0":40,"1":2},"b":{}}
,"/home/soutoigor/Documents/projects/easy-body-calc/components/common/HeaderNavigation.vue": {"path":"/home/soutoigor/Documents/projects/easy-body-calc/components/common/HeaderNavigation.vue","statementMap":{"0":{"start":{"line":16,"column":0},"end":{"line":16,"column":null}},"1":{"start":{"line":17,"column":0},"end":{"line":17,"column":null}},"2":{"start":{"line":18,"column":0},"end":{"line":18,"column":null}},"3":{"start":{"line":24,"column":0},"end":{"line":24,"column":null}},"4":{"start":{"line":26,"column":0},"end":{"line":26,"column":null}},"5":{"start":{"line":28,"column":0},"end":{"line":28,"column":null}}},"fnMap":{"0":{"name":"(anonymous_1)","decl":{"start":{"line":23,"column":0},"end":{"line":23,"column":null}},"loc":{"start":{"line":23,"column":0},"end":{"line":32,"column":null}}},"1":{"name":"(anonymous_2)","decl":{"start":{"line":26,"column":0},"end":{"line":26,"column":null}},"loc":{"start":{"line":26,"column":0},"end":{"line":26,"column":null}}}},"branchMap":{"0":{"loc":{"start":{"line":26,"column":0},"end":{"line":26,"column":null}},"type":"cond-expr","locations":[{"start":{"line":26,"column":0},"end":{"line":26,"column":null}},{"start":{"line":26,"column":0},"end":{"line":26,"column":null}}]}},"s":{"0":3,"1":3,"2":3,"3":11,"4":55,"5":11},"f":{"0":11,"1":44},"b":{"0":[88,44]}}
,"/home/soutoigor/Documents/projects/easy-body-calc/components/common/InputNumber.vue": {"path":"/home/soutoigor/Documents/projects/easy-body-calc/components/common/InputNumber.vue","statementMap":{"0":{"start":{"line":20,"column":0},"end":{"line":20,"column":null}},"1":{"start":{"line":38,"column":0},"end":{"line":38,"column":null}},"2":{"start":{"line":41,"column":0},"end":{"line":44,"column":null}},"3":{"start":{"line":42,"column":0},"end":{"line":42,"column":null}},"4":{"start":{"line":43,"column":0},"end":{"line":43,"column":null}},"5":{"start":{"line":46,"column":0},"end":{"line":52,"column":null}},"6":{"start":{"line":47,"column":0},"end":{"line":47,"column":null}},"7":{"start":{"line":51,"column":0},"end":{"line":51,"column":null}},"8":{"start":{"line":54,"column":0},"end":{"line":54,"column":null}}},"fnMap":{"0":{"name":"(anonymous_1)","decl":{"start":{"line":37,"column":0},"end":{"line":37,"column":null}},"loc":{"start":{"line":37,"column":0},"end":{"line":58,"column":null}}},"1":{"name":"(anonymous_2)","decl":{"start":{"line":38,"column":0},"end":{"line":38,"column":null}},"loc":{"start":{"line":38,"column":0},"end":{"line":38,"column":null}}},"2":{"name":"(anonymous_3)","decl":{"start":{"line":41,"column":0},"end":{"line":41,"column":null}},"loc":{"start":{"line":41,"column":0},"end":{"line":44,"column":null}}},"3":{"name":"(anonymous_4)","decl":{"start":{"line":46,"column":0},"end":{"line":46,"column":null}},"loc":{"start":{"line":46,"column":0},"end":{"line":52,"column":null}}}},"branchMap":{"0":{"loc":{"start":{"line":42,"column":0},"end":{"line":42,"column":null}},"type":"if","locations":[{"start":{"line":42,"column":0},"end":{"line":42,"column":null}},{"start":{"line":42,"column":0},"end":{"line":42,"column":null}}]}},"s":{"0":9,"1":140,"2":138,"3":3,"4":1,"5":138,"6":2,"7":2,"8":138},"f":{"0":138,"1":2,"2":2,"3":2},"b":{"0":[1,1]}}
,"/home/soutoigor/Documents/projects/easy-body-calc/components/common/InputSelect.vue": {"path":"/home/soutoigor/Documents/projects/easy-body-calc/components/common/InputSelect.vue","statementMap":{"0":{"start":{"line":21,"column":0},"end":{"line":21,"column":null}},"1":{"start":{"line":43,"column":0},"end":{"line":45,"column":null}},"2":{"start":{"line":44,"column":0},"end":{"line":44,"column":null}},"3":{"start":{"line":47,"column":0},"end":{"line":47,"column":null}}},"fnMap":{"0":{"name":"(anonymous_1)","decl":{"start":{"line":42,"column":0},"end":{"line":42,"column":null}},"loc":{"start":{"line":42,"column":0},"end":{"line":50,"column":null}}},"1":{"name":"(anonymous_2)","decl":{"start":{"line":43,"column":0},"end":{"line":43,"column":null}},"loc":{"start":{"line":43,"column":0},"end":{"line":45,"column":null}}}},"branchMap":{},"s":{"0":7,"1":58,"2":1,"3":58},"f":{"0":58,"1":1},"b":{}}
,"/home/soutoigor/Documents/projects/easy-body-calc/components/common/MeasureTips.vue": {"path":"/home/soutoigor/Documents/projects/easy-body-calc/components/common/MeasureTips.vue","statementMap":{"0":{"start":{"line":31,"column":0},"end":{"line":31,"column":null}},"1":{"start":{"line":32,"column":0},"end":{"line":32,"column":null}},"2":{"start":{"line":33,"column":0},"end":{"line":33,"column":null}},"3":{"start":{"line":34,"column":0},"end":{"line":34,"column":null}},"4":{"start":{"line":35,"column":0},"end":{"line":35,"column":null}},"5":{"start":{"line":45,"column":0},"end":{"line":45,"column":null}},"6":{"start":{"line":47,"column":0},"end":{"line":49,"column":null}},"7":{"start":{"line":48,"column":0},"end":{"line":48,"column":null}},"8":{"start":{"line":51,"column":0},"end":{"line":51,"column":null}}},"fnMap":{"0":{"name":"(anonymous_2)","decl":{"start":{"line":44,"column":0},"end":{"line":44,"column":null}},"loc":{"start":{"line":44,"column":0},"end":{"line":56,"column":null}}},"1":{"name":"(anonymous_3)","decl":{"start":{"line":47,"column":0},"end":{"line":47,"column":null}},"loc":{"start":{"line":47,"column":0},"end":{"line":49,"column":null}}}},"branchMap":{},"s":{"0":5,"1":5,"2":5,"3":5,"4":5,"5":30,"6":30,"7":4,"8":30},"f":{"0":30,"1":4},"b":{}}
,"/home/soutoigor/Documents/projects/easy-body-calc/components/daily-calories/DailyCaloriesForm.vue": {"path":"/home/soutoigor/Documents/projects/easy-body-calc/components/daily-calories/DailyCaloriesForm.vue","statementMap":{"0":{"start":{"line":31,"column":0},"end":{"line":31,"column":null}},"1":{"start":{"line":32,"column":0},"end":{"line":32,"column":null}},"2":{"start":{"line":33,"column":0},"end":{"line":33,"column":null}},"3":{"start":{"line":34,"column":0},"end":{"line":34,"column":null}},"4":{"start":{"line":40,"column":0},"end":{"line":40,"column":null}},"5":{"start":{"line":42,"column":0},"end":{"line":42,"column":null}},"6":{"start":{"line":44,"column":0},"end":{"line":44,"column":null}},"7":{"start":{"line":46,"column":0},"end":{"line":46,"column":null}},"8":{"start":{"line":48,"column":0},"end":{"line":65,"column":null}},"9":{"start":{"line":79,"column":0},"end":{"line":79,"column":null}},"10":{"start":{"line":87,"column":0},"end":{"line":87,"column":null}},"11":{"start":{"line":91,"column":0},"end":{"line":91,"column":null}},"12":{"start":{"line":93,"column":0},"end":{"line":93,"column":null}},"13":{"start":{"line":96,"column":0},"end":{"line":96,"column":null}},"14":{"start":{"line":99,"column":0},"end":{"line":106,"column":null}},"15":{"start":{"line":102,"column":0},"end":{"line":102,"column":null}},"16":{"start":{"line":103,"column":0},"end":{"line":103,"column":null}},"17":{"start":{"line":105,"column":0},"end":{"line":105,"column":null}},"18":{"start":{"line":108,"column":0},"end":{"line":112,"column":null}},"19":{"start":{"line":109,"column":0},"end":{"line":109,"column":null}},"20":{"start":{"line":111,"column":0},"end":{"line":111,"column":null}},"21":{"start":{"line":114,"column":0},"end":{"line":114,"column":null}}},"fnMap":{"0":{"name":"(anonymous_2)","decl":{"start":{"line":78,"column":0},"end":{"line":78,"column":null}},"loc":{"start":{"line":78,"column":0},"end":{"line":122,"column":null}}},"1":{"name":"(anonymous_3)","decl":{"start":{"line":87,"column":0},"end":{"line":87,"column":null}},"loc":{"start":{"line":87,"column":0},"end":{"line":87,"column":null}}},"2":{"name":"(anonymous_5)","decl":{"start":{"line":91,"column":0},"end":{"line":91,"column":null}},"loc":{"start":{"line":91,"column":0},"end":{"line":91,"column":null}}},"3":{"name":"(anonymous_6)","decl":{"start":{"line":93,"column":0},"end":{"line":93,"column":null}},"loc":{"start":{"line":93,"column":0},"end":{"line":93,"column":null}}},"4":{"name":"(anonymous_7)","decl":{"start":{"line":96,"column":0},"end":{"line":96,"column":null}},"loc":{"start":{"line":96,"column":0},"end":{"line":96,"column":null}}},"5":{"name":"(anonymous_8)","decl":{"start":{"line":99,"column":0},"end":{"line":99,"column":null}},"loc":{"start":{"line":99,"column":0},"end":{"line":106,"column":null}}},"6":{"name":"(anonymous_9)","decl":{"start":{"line":108,"column":0},"end":{"line":108,"column":null}},"loc":{"start":{"line":108,"column":0},"end":{"line":112,"column":null}}}},"branchMap":{"0":{"loc":{"start":{"line":102,"column":0},"end":{"line":102,"column":null}},"type":"cond-expr","locations":[{"start":{"line":102,"column":0},"end":{"line":102,"column":null}},{"start":{"line":102,"column":0},"end":{"line":102,"column":null}}]}},"s":{"0":2,"1":2,"2":2,"3":2,"4":2,"5":2,"6":2,"7":2,"8":2,"9":15,"10":87,"11":21,"12":16,"13":20,"14":15,"15":6,"16":6,"17":6,"18":15,"19":6,"20":6,"21":15},"f":{"0":15,"1":72,"2":6,"3":1,"4":5,"5":6,"6":6},"b":{"0":[5,1]}}
,"/home/soutoigor/Documents/projects/easy-body-calc/components/daily-calories/DailyCaloriesResult.vue": {"path":"/home/soutoigor/Documents/projects/easy-body-calc/components/daily-calories/DailyCaloriesResult.vue","statementMap":{"0":{"start":{"line":16,"column":0},"end":{"line":16,"column":null}}},"fnMap":{},"branchMap":{},"s":{"0":2},"f":{},"b":{}}
,"/home/soutoigor/Documents/projects/easy-body-calc/components/daily-macros/DailyMacrosForm.vue": {"path":"/home/soutoigor/Documents/projects/easy-body-calc/components/daily-macros/DailyMacrosForm.vue","statementMap":{"0":{"start":{"line":23,"column":0},"end":{"line":23,"column":null}},"1":{"start":{"line":24,"column":0},"end":{"line":24,"column":null}},"2":{"start":{"line":25,"column":0},"end":{"line":25,"column":null}},"3":{"start":{"line":26,"column":0},"end":{"line":26,"column":null}},"4":{"start":{"line":27,"column":0},"end":{"line":27,"column":null}},"5":{"start":{"line":35,"column":0},"end":{"line":35,"column":null}},"6":{"start":{"line":36,"column":0},"end":{"line":36,"column":null}},"7":{"start":{"line":38,"column":0},"end":{"line":38,"column":null}},"8":{"start":{"line":49,"column":0},"end":{"line":49,"column":null}},"9":{"start":{"line":51,"column":0},"end":{"line":60,"column":null}},"10":{"start":{"line":66,"column":0},"end":{"line":66,"column":null}},"11":{"start":{"line":72,"column":0},"end":{"line":72,"column":null}},"12":{"start":{"line":76,"column":0},"end":{"line":81,"column":null}},"13":{"start":{"line":77,"column":0},"end":{"line":77,"column":null}},"14":{"start":{"line":78,"column":0},"end":{"line":80,"column":null}},"15":{"start":{"line":79,"column":0},"end":{"line":79,"column":null}},"16":{"start":{"line":83,"column":0},"end":{"line":91,"column":null}},"17":{"start":{"line":84,"column":0},"end":{"line":84,"column":null}},"18":{"start":{"line":90,"column":0},"end":{"line":90,"column":null}},"19":{"start":{"line":93,"column":0},"end":{"line":108,"column":null}},"20":{"start":{"line":94,"column":0},"end":{"line":94,"column":null}},"21":{"start":{"line":96,"column":0},"end":{"line":96,"column":null}},"22":{"start":{"line":97,"column":0},"end":{"line":97,"column":null}},"23":{"start":{"line":98,"column":0},"end":{"line":98,"column":null}},"24":{"start":{"line":99,"column":0},"end":{"line":99,"column":null}},"25":{"start":{"line":101,"column":0},"end":{"line":101,"column":null}},"26":{"start":{"line":110,"column":0},"end":{"line":114,"column":null}},"27":{"start":{"line":111,"column":0},"end":{"line":111,"column":null}},"28":{"start":{"line":113,"column":0},"end":{"line":113,"column":null}},"29":{"start":{"line":116,"column":0},"end":{"line":116,"column":null}}},"fnMap":{"0":{"name":"(anonymous_2)","decl":{"start":{"line":48,"column":0},"end":{"line":48,"column":null}},"loc":{"start":{"line":48,"column":0},"end":{"line":123,"column":null}}},"1":{"name":"(anonymous_3)","decl":{"start":{"line":72,"column":0},"end":{"line":72,"column":null}},"loc":{"start":{"line":72,"column":0},"end":{"line":72,"column":null}}},"2":{"name":"(anonymous_5)","decl":{"start":{"line":76,"column":0},"end":{"line":76,"column":null}},"loc":{"start":{"line":76,"column":0},"end":{"line":81,"column":null}}},"3":{"name":"(anonymous_6)","decl":{"start":{"line":83,"column":0},"end":{"line":83,"column":null}},"loc":{"start":{"line":83,"column":0},"end":{"line":91,"column":null}}},"4":{"name":"(anonymous_7)","decl":{"start":{"line":93,"column":0},"end":{"line":93,"column":null}},"loc":{"start":{"line":93,"column":0},"end":{"line":108,"column":null}}},"5":{"name":"(anonymous_8)","decl":{"start":{"line":110,"column":0},"end":{"line":110,"column":null}},"loc":{"start":{"line":110,"column":0},"end":{"line":114,"column":null}}}},"branchMap":{"0":{"loc":{"start":{"line":78,"column":0},"end":{"line":80,"column":null}},"type":"if","locations":[{"start":{"line":78,"column":0},"end":{"line":80,"column":null}},{"start":{"line":78,"column":0},"end":{"line":80,"column":null}}]}},"s":{"0":2,"1":2,"2":2,"3":2,"4":2,"5":2,"6":2,"7":2,"8":14,"9":14,"10":14,"11":73,"12":14,"13":14,"14":14,"15":8,"16":14,"17":3,"18":3,"19":14,"20":3,"21":3,"22":3,"23":3,"24":3,"25":3,"26":14,"27":3,"28":3,"29":14},"f":{"0":14,"1":59,"2":14,"3":3,"4":3,"5":3},"b":{"0":[8,6]}}
,"/home/soutoigor/Documents/projects/easy-body-calc/components/daily-macros/DailyMacrosResult.vue": {"path":"/home/soutoigor/Documents/projects/easy-body-calc/components/daily-macros/DailyMacrosResult.vue","statementMap":{"0":{"start":{"line":26,"column":0},"end":{"line":26,"column":null}},"1":{"start":{"line":28,"column":0},"end":{"line":28,"column":null}},"2":{"start":{"line":30,"column":0},"end":{"line":30,"column":null}},"3":{"start":{"line":40,"column":0},"end":{"line":40,"column":null}},"4":{"start":{"line":48,"column":0},"end":{"line":48,"column":null}},"5":{"start":{"line":52,"column":0},"end":{"line":52,"column":null}}},"fnMap":{"0":{"name":"(anonymous_1)","decl":{"start":{"line":39,"column":0},"end":{"line":39,"column":null}},"loc":{"start":{"line":39,"column":0},"end":{"line":55,"column":null}}},"1":{"name":"(anonymous_2)","decl":{"start":{"line":48,"column":0},"end":{"line":48,"column":null}},"loc":{"start":{"line":48,"column":0},"end":{"line":48,"column":null}}}},"branchMap":{},"s":{"0":2,"1":2,"2":2,"3":8,"4":16,"5":8},"f":{"0":8,"1":8},"b":{}}
,"/home/soutoigor/Documents/projects/easy-body-calc/layouts/default.vue": {"path":"/home/soutoigor/Documents/projects/easy-body-calc/layouts/default.vue","statementMap":{"0":{"start":{"line":13,"column":0},"end":{"line":13,"column":null}},"1":{"start":{"line":14,"column":0},"end":{"line":14,"column":null}}},"fnMap":{},"branchMap":{},"s":{"0":1,"1":1},"f":{},"b":{}}
,"/home/soutoigor/Documents/projects/easy-body-calc/pages/bmi.vue": {"path":"/home/soutoigor/Documents/projects/easy-body-calc/pages/bmi.vue","statementMap":{"0":{"start":{"line":50,"column":0},"end":{"line":50,"column":null}},"1":{"start":{"line":51,"column":0},"end":{"line":51,"column":null}},"2":{"start":{"line":52,"column":0},"end":{"line":52,"column":null}},"3":{"start":{"line":53,"column":0},"end":{"line":53,"column":null}},"4":{"start":{"line":54,"column":0},"end":{"line":54,"column":null}},"5":{"start":{"line":55,"column":0},"end":{"line":55,"column":null}},"6":{"start":{"line":56,"column":0},"end":{"line":56,"column":null}},"7":{"start":{"line":57,"column":0},"end":{"line":57,"column":null}},"8":{"start":{"line":71,"column":0},"end":{"line":71,"column":null}},"9":{"start":{"line":73,"column":0},"end":{"line":75,"column":null}},"10":{"start":{"line":74,"column":0},"end":{"line":74,"column":null}},"11":{"start":{"line":77,"column":0},"end":{"line":77,"column":null}},"12":{"start":{"line":81,"column":0},"end":{"line":81,"column":null}}},"fnMap":{"0":{"name":"(anonymous_2)","decl":{"start":{"line":70,"column":0},"end":{"line":70,"column":null}},"loc":{"start":{"line":70,"column":0},"end":{"line":86,"column":null}}},"1":{"name":"(anonymous_3)","decl":{"start":{"line":73,"column":0},"end":{"line":73,"column":null}},"loc":{"start":{"line":73,"column":0},"end":{"line":75,"column":null}}},"2":{"name":"(anonymous_4)","decl":{"start":{"line":77,"column":0},"end":{"line":77,"column":null}},"loc":{"start":{"line":77,"column":0},"end":{"line":77,"column":null}}}},"branchMap":{"0":{"loc":{"start":{"line":77,"column":0},"end":{"line":77,"column":null}},"type":"cond-expr","locations":[{"start":{"line":77,"column":0},"end":{"line":77,"column":null}},{"start":{"line":77,"column":0},"end":{"line":77,"column":null}}]}},"s":{"0":1,"1":1,"2":1,"3":1,"4":1,"5":1,"6":1,"7":1,"8":5,"9":5,"10":4,"11":14,"12":5},"f":{"0":5,"1":4,"2":9},"b":{"0":[3,6]}}
,"/home/soutoigor/Documents/projects/easy-body-calc/pages/bmr-daily-calories.vue": {"path":"/home/soutoigor/Documents/projects/easy-body-calc/pages/bmr-daily-calories.vue","statementMap":{"0":{"start":{"line":53,"column":0},"end":{"line":53,"column":null}},"1":{"start":{"line":54,"column":0},"end":{"line":54,"column":null}},"2":{"start":{"line":55,"column":0},"end":{"line":55,"column":null}},"3":{"start":{"line":56,"column":0},"end":{"line":56,"column":null}},"4":{"start":{"line":57,"column":0},"end":{"line":57,"column":null}},"5":{"start":{"line":58,"column":0},"end":{"line":58,"column":null}},"6":{"start":{"line":59,"column":0},"end":{"line":59,"column":null}},"7":{"start":{"line":60,"column":0},"end":{"line":60,"column":null}},"8":{"start":{"line":74,"column":0},"end":{"line":74,"column":null}},"9":{"start":{"line":79,"column":0},"end":{"line":79,"column":null}},"10":{"start":{"line":85,"column":0},"end":{"line":88,"column":null}},"11":{"start":{"line":86,"column":0},"end":{"line":86,"column":null}},"12":{"start":{"line":87,"column":0},"end":{"line":87,"column":null}},"13":{"start":{"line":90,"column":0},"end":{"line":90,"column":null}},"14":{"start":{"line":95,"column":0},"end":{"line":95,"column":null}}},"fnMap":{"0":{"name":"(anonymous_2)","decl":{"start":{"line":73,"column":0},"end":{"line":73,"column":null}},"loc":{"start":{"line":73,"column":0},"end":{"line":101,"column":null}}},"1":{"name":"(anonymous_3)","decl":{"start":{"line":79,"column":0},"end":{"line":79,"column":null}},"loc":{"start":{"line":79,"column":0},"end":{"line":79,"column":null}}},"2":{"name":"(anonymous_4)","decl":{"start":{"line":85,"column":0},"end":{"line":85,"column":null}},"loc":{"start":{"line":85,"column":0},"end":{"line":88,"column":null}}},"3":{"name":"(anonymous_5)","decl":{"start":{"line":90,"column":0},"end":{"line":90,"column":null}},"loc":{"start":{"line":90,"column":0},"end":{"line":90,"column":null}}}},"branchMap":{"0":{"loc":{"start":{"line":79,"column":0},"end":{"line":79,"column":null}},"type":"cond-expr","locations":[{"start":{"line":79,"column":0},"end":{"line":79,"column":null}},{"start":{"line":79,"column":0},"end":{"line":79,"column":null}}]}},"s":{"0":1,"1":1,"2":1,"3":1,"4":1,"5":1,"6":1,"7":1,"8":6,"9":17,"10":6,"11":5,"12":5,"13":10,"14":6},"f":{"0":6,"1":11,"2":5,"3":4},"b":{"0":[4,7]}}
,"/home/soutoigor/Documents/projects/easy-body-calc/pages/body-fat.vue": {"path":"/home/soutoigor/Documents/projects/easy-body-calc/pages/body-fat.vue","statementMap":{"0":{"start":{"line":60,"column":0},"end":{"line":60,"column":null}},"1":{"start":{"line":61,"column":0},"end":{"line":61,"column":null}},"2":{"start":{"line":62,"column":0},"end":{"line":62,"column":null}},"3":{"start":{"line":63,"column":0},"end":{"line":63,"column":null}},"4":{"start":{"line":64,"column":0},"end":{"line":64,"column":null}},"5":{"start":{"line":65,"column":0},"end":{"line":65,"column":null}},"6":{"start":{"line":66,"column":0},"end":{"line":66,"column":null}},"7":{"start":{"line":67,"column":0},"end":{"line":67,"column":null}},"8":{"start":{"line":82,"column":0},"end":{"line":82,"column":null}},"9":{"start":{"line":87,"column":0},"end":{"line":90,"column":null}},"10":{"start":{"line":88,"column":0},"end":{"line":88,"column":null}},"11":{"start":{"line":89,"column":0},"end":{"line":89,"column":null}},"12":{"start":{"line":92,"column":0},"end":{"line":92,"column":null}},"13":{"start":{"line":96,"column":0},"end":{"line":96,"column":null}}},"fnMap":{"0":{"name":"(anonymous_2)","decl":{"start":{"line":81,"column":0},"end":{"line":81,"column":null}},"loc":{"start":{"line":81,"column":0},"end":{"line":101,"column":null}}},"1":{"name":"(anonymous_3)","decl":{"start":{"line":87,"column":0},"end":{"line":87,"column":null}},"loc":{"start":{"line":87,"column":0},"end":{"line":90,"column":null}}},"2":{"name":"(anonymous_4)","decl":{"start":{"line":92,"column":0},"end":{"line":92,"column":null}},"loc":{"start":{"line":92,"column":0},"end":{"line":92,"column":null}}}},"branchMap":{"0":{"loc":{"start":{"line":92,"column":0},"end":{"line":92,"column":null}},"type":"cond-expr","locations":[{"start":{"line":92,"column":0},"end":{"line":92,"column":null}},{"start":{"line":92,"column":0},"end":{"line":92,"column":null}}]}},"s":{"0":1,"1":1,"2":1,"3":1,"4":1,"5":1,"6":1,"7":1,"8":5,"9":5,"10":4,"11":4,"12":14,"13":5},"f":{"0":5,"1":4,"2":9},"b":{"0":[3,6]}}
,"/home/soutoigor/Documents/projects/easy-body-calc/pages/daily-macros.vue": {"path":"/home/soutoigor/Documents/projects/easy-body-calc/pages/daily-macros.vue","statementMap":{"0":{"start":{"line":105,"column":0},"end":{"line":105,"column":null}},"1":{"start":{"line":106,"column":0},"end":{"line":106,"column":null}},"2":{"start":{"line":107,"column":0},"end":{"line":107,"column":null}},"3":{"start":{"line":108,"column":0},"end":{"line":108,"column":null}},"4":{"start":{"line":109,"column":0},"end":{"line":109,"column":null}},"5":{"start":{"line":110,"column":0},"end":{"line":110,"column":null}},"6":{"start":{"line":111,"column":0},"end":{"line":111,"column":null}},"7":{"start":{"line":112,"column":0},"end":{"line":112,"column":null}},"8":{"start":{"line":127,"column":0},"end":{"line":127,"column":null}},"9":{"start":{"line":128,"column":0},"end":{"line":128,"column":null}},"10":{"start":{"line":130,"column":0},"end":{"line":132,"column":null}},"11":{"start":{"line":131,"column":0},"end":{"line":131,"column":null}},"12":{"start":{"line":134,"column":0},"end":{"line":136,"column":null}},"13":{"start":{"line":135,"column":0},"end":{"line":135,"column":null}},"14":{"start":{"line":138,"column":0},"end":{"line":138,"column":null}},"15":{"start":{"line":142,"column":0},"end":{"line":142,"column":null}}},"fnMap":{"0":{"name":"(anonymous_2)","decl":{"start":{"line":126,"column":0},"end":{"line":126,"column":null}},"loc":{"start":{"line":126,"column":0},"end":{"line":149,"column":null}}},"1":{"name":"(anonymous_3)","decl":{"start":{"line":130,"column":0},"end":{"line":130,"column":null}},"loc":{"start":{"line":130,"column":0},"end":{"line":132,"column":null}}},"2":{"name":"(anonymous_4)","decl":{"start":{"line":134,"column":0},"end":{"line":134,"column":null}},"loc":{"start":{"line":134,"column":0},"end":{"line":136,"column":null}}},"3":{"name":"(anonymous_5)","decl":{"start":{"line":138,"column":0},"end":{"line":138,"column":null}},"loc":{"start":{"line":138,"column":0},"end":{"line":138,"column":null}}}},"branchMap":{"0":{"loc":{"start":{"line":138,"column":0},"end":{"line":138,"column":null}},"type":"cond-expr","locations":[{"start":{"line":138,"column":0},"end":{"line":138,"column":null}},{"start":{"line":138,"column":0},"end":{"line":138,"column":null}}]}},"s":{"0":1,"1":1,"2":1,"3":1,"4":1,"5":1,"6":1,"7":1,"8":6,"9":6,"10":6,"11":4,"12":6,"13":1,"14":16,"15":6},"f":{"0":6,"1":4,"2":1,"3":10},"b":{"0":[3,7]}}
,"/home/soutoigor/Documents/projects/easy-body-calc/pages/index.vue": {"path":"/home/soutoigor/Documents/projects/easy-body-calc/pages/index.vue","statementMap":{"0":{"start":{"line":31,"column":0},"end":{"line":31,"column":null}},"1":{"start":{"line":32,"column":0},"end":{"line":32,"column":null}},"2":{"start":{"line":33,"column":0},"end":{"line":33,"column":null}},"3":{"start":{"line":34,"column":0},"end":{"line":34,"column":null}},"4":{"start":{"line":43,"column":0},"end":{"line":43,"column":null}}},"fnMap":{"0":{"name":"(anonymous_2)","decl":{"start":{"line":42,"column":0},"end":{"line":42,"column":null}},"loc":{"start":{"line":42,"column":0},"end":{"line":46,"column":null}}}},"branchMap":{},"s":{"0":1,"1":1,"2":1,"3":1,"4":3},"f":{"0":3},"b":{}}
}
