TN:
SF:components/bmi/BmiComparison.vue
FN:29,(anonymous_1)
FNF:1
FNH:1
FNDA:4,(anonymous_1)
DA:23,2
DA:24,2
DA:26,2
DA:30,4
DA:53,4
LF:5
LH:5
BRF:0
BRH:0
end_of_record
TN:
SF:components/bmi/BmiForm.vue
FN:35,(anonymous_2)
FN:41,(anonymous_3)
FN:43,(anonymous_4)
FN:48,(anonymous_5)
FNF:4
FNH:4
FNDA:10,(anonymous_2)
FNDA:12,(anonymous_3)
FNDA:2,(anonymous_4)
FNDA:2,(anonymous_5)
DA:24,2
DA:25,2
DA:26,2
DA:36,10
DA:41,22
DA:43,10
DA:44,3
DA:45,1
DA:48,10
DA:49,2
DA:51,2
DA:54,10
LF:12
LH:12
BRDA:41,0,0,12
BRDA:41,0,1,2
BRDA:44,1,0,3
BRDA:44,1,1,2
BRF:4
BRH:4
end_of_record
TN:
SF:components/bmi/BmiResult.vue
FN:24,(anonymous_1)
FN:25,(anonymous_2)
FN:33,(anonymous_3)
FN:35,(anonymous_4)
FNF:4
FNH:4
FNDA:10,(anonymous_1)
FNDA:10,(anonymous_2)
FNDA:10,(anonymous_3)
FNDA:10,(anonymous_4)
DA:11,2
DA:12,2
DA:14,2
DA:25,10
DA:26,11
DA:27,15
DA:28,4
DA:29,3
DA:30,1
DA:33,20
DA:35,20
DA:37,10
LF:12
LH:12
BRDA:26,0,0,1
BRDA:26,0,1,9
BRDA:27,1,0,15
BRDA:27,1,1,12
BRDA:28,2,0,4
BRDA:28,2,1,5
BRDA:29,3,0,3
BRDA:29,3,1,3
BRF:8
BRH:8
end_of_record
TN:
SF:components/body-fat/BodyFatComparison.vue
FN:20,(anonymous_2)
FN:24,(anonymous_3)
FN:25,(anonymous_4)
FNF:3
FNH:3
FNDA:7,(anonymous_2)
FNDA:6,(anonymous_3)
FNDA:6,(anonymous_4)
DA:9,2
DA:10,2
DA:11,2
DA:13,2
DA:20,7
DA:25,12
DA:29,6
LF:7
LH:7
BRDA:25,0,0,5
BRDA:25,0,1,1
BRF:2
BRH:2
end_of_record
TN:
SF:components/body-fat/BodyFatForm.vue
FN:48,(anonymous_2)
FN:57,(anonymous_3)
FN:59,(anonymous_4)
FN:65,(anonymous_6)
FN:68,(anonymous_7)
FN:73,(anonymous_8)
FN:78,(anonymous_9)
FNF:7
FNH:7
FNDA:10,(anonymous_2)
FNDA:13,(anonymous_3)
FNDA:44,(anonymous_4)
FNDA:1,(anonymous_6)
FNDA:1,(anonymous_7)
FNDA:2,(anonymous_8)
FNDA:2,(anonymous_9)
DA:32,2
DA:33,2
DA:34,2
DA:35,2
DA:37,2
DA:39,2
DA:49,10
DA:57,23
DA:59,54
DA:65,11
DA:68,11
DA:73,10
DA:74,3
DA:75,1
DA:78,10
DA:79,2
DA:81,2
DA:84,10
LF:18
LH:18
BRDA:59,0,0,32
BRDA:59,0,1,32
BRDA:74,1,0,1
BRDA:74,1,1,1
BRF:4
BRH:4
end_of_record
TN:
SF:components/body-fat/BodyFatResult.vue
FN:36,(anonymous_1)
FN:37,(anonymous_2)
FN:46,(anonymous_3)
FN:55,(anonymous_4)
FN:60,(anonymous_5)
FN:62,(anonymous_6)
FNF:6
FNH:6
FNDA:17,(anonymous_1)
FNDA:11,(anonymous_2)
FNDA:6,(anonymous_3)
FNDA:17,(anonymous_4)
FNDA:17,(anonymous_5)
FNDA:17,(anonymous_6)
DA:13,2
DA:15,2
DA:16,2
DA:18,2
DA:20,2
DA:37,17
DA:38,12
DA:39,11
DA:40,11
DA:41,8
DA:42,8
DA:43,4
DA:46,17
DA:47,7
DA:48,6
DA:49,5
DA:50,4
DA:51,3
DA:52,1
DA:55,17
DA:56,28
DA:57,6
DA:60,34
DA:62,34
DA:64,17
LF:25
LH:25
BRDA:38,0,0,1
BRDA:38,0,1,10
BRDA:39,1,0,11
BRDA:39,1,1,19
BRDA:40,2,0,11
BRDA:40,2,1,16
BRDA:41,3,0,8
BRDA:41,3,1,13
BRDA:42,4,0,8
BRDA:42,4,1,10
BRDA:47,5,0,1
BRDA:47,5,1,5
BRDA:48,6,0,6
BRDA:48,6,1,9
BRDA:49,7,0,5
BRDA:49,7,1,7
BRDA:50,8,0,4
BRDA:50,8,1,5
BRDA:51,9,0,3
BRDA:51,9,1,3
BRDA:56,10,0,11
BRDA:56,10,1,6
BRDA:60,11,0,17
BRDA:60,11,1,17
BRDA:62,12,0,17
BRDA:62,12,1,17
BRF:26
BRH:26
end_of_record
TN:
SF:components/common/AppButton.vue
FN:24,(anonymous_1)
FNF:1
FNH:1
FNDA:150,(anonymous_1)
DA:13,11
DA:15,11
DA:24,150
LF:3
LH:3
BRF:0
BRH:0
end_of_record
TN:
SF:components/common/AppCollapse.vue
FN:45,(anonymous_1)
FNF:1
FNH:1
FNDA:180,(anonymous_1)
DA:34,6
DA:46,180
DA:48,180
LF:3
LH:3
BRF:0
BRH:0
end_of_record
TN:
SF:components/common/AppHeader.vue
FN:61,(anonymous_2)
FN:64,(anonymous_3)
FNF:2
FNH:2
FNDA:4,(anonymous_2)
FNDA:3,(anonymous_3)
DA:51,2
DA:52,2
DA:53,2
DA:62,4
DA:64,4
DA:65,3
DA:68,4
LF:7
LH:7
BRF:0
BRH:0
end_of_record
TN:
SF:components/common/AppLogo.vue
FNF:0
FNH:0
DA:16,4
LF:1
LH:1
BRF:0
BRH:0
end_of_record
TN:
SF:components/common/AppModal.vue
FN:47,(anonymous_1)
FN:48,(anonymous_2)
FNF:2
FNH:2
FNDA:40,(anonymous_1)
FNDA:2,(anonymous_2)
DA:42,6
DA:48,40
DA:49,2
DA:52,40
LF:4
LH:4
BRF:0
BRH:0
end_of_record
TN:
SF:components/common/HeaderNavigation.vue
FN:23,(anonymous_1)
FN:26,(anonymous_2)
FNF:2
FNH:2
FNDA:11,(anonymous_1)
FNDA:44,(anonymous_2)
DA:16,3
DA:17,3
DA:18,3
DA:24,11
DA:26,55
DA:28,11
LF:6
LH:6
BRDA:26,0,0,88
BRDA:26,0,1,44
BRF:2
BRH:2
end_of_record
TN:
SF:components/common/InputNumber.vue
FN:37,(anonymous_1)
FN:38,(anonymous_2)
FN:41,(anonymous_3)
FN:46,(anonymous_4)
FNF:4
FNH:4
FNDA:138,(anonymous_1)
FNDA:2,(anonymous_2)
FNDA:2,(anonymous_3)
FNDA:2,(anonymous_4)
DA:20,9
DA:38,140
DA:41,138
DA:42,3
DA:43,1
DA:46,138
DA:47,2
DA:51,2
DA:54,138
LF:9
LH:9
BRDA:42,0,0,1
BRDA:42,0,1,1
BRF:2
BRH:2
end_of_record
TN:
SF:components/common/InputSelect.vue
FN:42,(anonymous_1)
FN:43,(anonymous_2)
FNF:2
FNH:2
FNDA:58,(anonymous_1)
FNDA:1,(anonymous_2)
DA:21,7
DA:43,58
DA:44,1
DA:47,58
LF:4
LH:4
BRF:0
BRH:0
end_of_record
TN:
SF:components/common/MeasureTips.vue
FN:44,(anonymous_2)
FN:47,(anonymous_3)
FNF:2
FNH:2
FNDA:30,(anonymous_2)
FNDA:4,(anonymous_3)
DA:31,5
DA:32,5
DA:33,5
DA:34,5
DA:35,5
DA:45,30
DA:47,30
DA:48,4
DA:51,30
LF:9
LH:9
BRF:0
BRH:0
end_of_record
TN:
SF:components/daily-calories/DailyCaloriesForm.vue
FN:78,(anonymous_2)
FN:87,(anonymous_3)
FN:91,(anonymous_5)
FN:93,(anonymous_6)
FN:96,(anonymous_7)
FN:99,(anonymous_8)
FN:108,(anonymous_9)
FNF:7
FNH:7
FNDA:15,(anonymous_2)
FNDA:72,(anonymous_3)
FNDA:6,(anonymous_5)
FNDA:1,(anonymous_6)
FNDA:5,(anonymous_7)
FNDA:6,(anonymous_8)
FNDA:6,(anonymous_9)
DA:31,2
DA:32,2
DA:33,2
DA:34,2
DA:40,2
DA:42,2
DA:44,2
DA:46,2
DA:48,2
DA:79,15
DA:87,87
DA:91,21
DA:93,16
DA:96,20
DA:99,15
DA:102,6
DA:103,6
DA:105,6
DA:108,15
DA:109,6
DA:111,6
DA:114,15
LF:22
LH:22
BRDA:102,0,0,5
BRDA:102,0,1,1
BRF:2
BRH:2
end_of_record
TN:
SF:components/daily-calories/DailyCaloriesResult.vue
FNF:0
FNH:0
DA:16,2
LF:1
LH:1
BRF:0
BRH:0
end_of_record
TN:
SF:components/daily-macros/DailyMacrosForm.vue
FN:48,(anonymous_2)
FN:72,(anonymous_3)
FN:76,(anonymous_5)
FN:83,(anonymous_6)
FN:93,(anonymous_7)
FN:110,(anonymous_8)
FNF:6
FNH:6
FNDA:14,(anonymous_2)
FNDA:59,(anonymous_3)
FNDA:14,(anonymous_5)
FNDA:3,(anonymous_6)
FNDA:3,(anonymous_7)
FNDA:3,(anonymous_8)
DA:23,2
DA:24,2
DA:25,2
DA:26,2
DA:27,2
DA:35,2
DA:36,2
DA:38,2
DA:49,14
DA:51,14
DA:66,14
DA:72,73
DA:76,14
DA:77,14
DA:78,14
DA:79,8
DA:83,14
DA:84,3
DA:90,3
DA:93,14
DA:94,3
DA:96,3
DA:97,3
DA:98,3
DA:99,3
DA:101,3
DA:110,14
DA:111,3
DA:113,3
DA:116,14
LF:30
LH:30
BRDA:78,0,0,8
BRDA:78,0,1,6
BRF:2
BRH:2
end_of_record
TN:
SF:components/daily-macros/DailyMacrosResult.vue
FN:39,(anonymous_1)
FN:48,(anonymous_2)
FNF:2
FNH:2
FNDA:8,(anonymous_1)
FNDA:8,(anonymous_2)
DA:26,2
DA:28,2
DA:30,2
DA:40,8
DA:48,16
DA:52,8
LF:6
LH:6
BRF:0
BRH:0
end_of_record
TN:
SF:layouts/default.vue
FNF:0
FNH:0
DA:13,1
DA:14,1
LF:2
LH:2
BRF:0
BRH:0
end_of_record
TN:
SF:pages/bmi.vue
FN:70,(anonymous_2)
FN:73,(anonymous_3)
FN:77,(anonymous_4)
FNF:3
FNH:3
FNDA:5,(anonymous_2)
FNDA:4,(anonymous_3)
FNDA:9,(anonymous_4)
DA:50,1
DA:51,1
DA:52,1
DA:53,1
DA:54,1
DA:55,1
DA:56,1
DA:57,1
DA:71,5
DA:73,5
DA:74,4
DA:77,14
DA:81,5
LF:13
LH:13
BRDA:77,0,0,3
BRDA:77,0,1,6
BRF:2
BRH:2
end_of_record
TN:
SF:pages/bmr-daily-calories.vue
FN:73,(anonymous_2)
FN:79,(anonymous_3)
FN:85,(anonymous_4)
FN:90,(anonymous_5)
FNF:4
FNH:4
FNDA:6,(anonymous_2)
FNDA:11,(anonymous_3)
FNDA:5,(anonymous_4)
FNDA:4,(anonymous_5)
DA:53,1
DA:54,1
DA:55,1
DA:56,1
DA:57,1
DA:58,1
DA:59,1
DA:60,1
DA:74,6
DA:79,17
DA:85,6
DA:86,5
DA:87,5
DA:90,10
DA:95,6
LF:15
LH:15
BRDA:79,0,0,4
BRDA:79,0,1,7
BRF:2
BRH:2
end_of_record
TN:
SF:pages/body-fat.vue
FN:81,(anonymous_2)
FN:87,(anonymous_3)
FN:92,(anonymous_4)
FNF:3
FNH:3
FNDA:5,(anonymous_2)
FNDA:4,(anonymous_3)
FNDA:9,(anonymous_4)
DA:60,1
DA:61,1
DA:62,1
DA:63,1
DA:64,1
DA:65,1
DA:66,1
DA:67,1
DA:82,5
DA:87,5
DA:88,4
DA:89,4
DA:92,14
DA:96,5
LF:14
LH:14
BRDA:92,0,0,3
BRDA:92,0,1,6
BRF:2
BRH:2
end_of_record
TN:
SF:pages/daily-macros.vue
FN:126,(anonymous_2)
FN:130,(anonymous_3)
FN:134,(anonymous_4)
FN:138,(anonymous_5)
FNF:4
FNH:4
FNDA:6,(anonymous_2)
FNDA:4,(anonymous_3)
FNDA:1,(anonymous_4)
FNDA:10,(anonymous_5)
DA:105,1
DA:106,1
DA:107,1
DA:108,1
DA:109,1
DA:110,1
DA:111,1
DA:112,1
DA:127,6
DA:128,6
DA:130,6
DA:131,4
DA:134,6
DA:135,1
DA:138,16
DA:142,6
LF:16
LH:16
BRDA:138,0,0,3
BRDA:138,0,1,7
BRF:2
BRH:2
end_of_record
TN:
SF:pages/index.vue
FN:42,(anonymous_2)
FNF:1
FNH:1
FNDA:3,(anonymous_2)
DA:31,1
DA:32,1
DA:33,1
DA:34,1
DA:43,3
LF:5
LH:5
BRF:0
BRH:0
end_of_record
